{"/home/rui/Documentos/DRIVEN Education/[DRIVEN] - Arquivos/Exercícios/driven-exercises-web/Outros/api-valex-plus/src/database.ts": {"path":"/home/rui/Documentos/DRIVEN Education/[DRIVEN] - Arquivos/Exercícios/driven-exercises-web/Outros/api-valex-plus/src/database.ts","statementMap":{"0":{"start":{"line":3,"column":0},"end":{"line":3,"column":16}},"1":{"start":{"line":5,"column":17},"end":{"line":5,"column":19}},"2":{"start":{"line":6,"column":26},"end":{"line":8,"column":2}}},"fnMap":{},"branchMap":{},"s":{"0":1,"1":1,"2":1},"f":{},"b":{}}
,"/home/rui/Documentos/DRIVEN Education/[DRIVEN] - Arquivos/Exercícios/driven-exercises-web/Outros/api-valex-plus/src/repositories/cardRepository.ts": {"path":"/home/rui/Documentos/DRIVEN Education/[DRIVEN] - Arquivos/Exercícios/driven-exercises-web/Outros/api-valex-plus/src/repositories/cardRepository.ts","statementMap":{"0":{"start":{"line":29,"column":17},"end":{"line":29,"column":68}},"1":{"start":{"line":30,"column":2},"end":{"line":30,"column":21}},"2":{"start":{"line":34,"column":17},"end":{"line":36,"column":null}},"3":{"start":{"line":39,"column":2},"end":{"line":39,"column":24}},"4":{"start":{"line":46,"column":17},"end":{"line":48,"column":null}},"5":{"start":{"line":51,"column":2},"end":{"line":51,"column":24}},"6":{"start":{"line":59,"column":17},"end":{"line":64,"column":null}},"7":{"start":{"line":67,"column":2},"end":{"line":67,"column":24}},"8":{"start":{"line":82,"column":6},"end":{"line":82,"column":14}},"9":{"start":{"line":84,"column":2},"end":{"line":102,"column":4}},"10":{"start":{"line":107,"column":4},"end":{"line":110,"column":6}},"11":{"start":{"line":112,"column":2},"end":{"line":119,"column":4}},"12":{"start":{"line":123,"column":2},"end":{"line":123,"column":73}},"13":{"start":{"line":126,"column":23},"end":{"line":134,"column":null}}},"fnMap":{"0":{"name":"find","decl":{"start":{"line":28,"column":15},"end":{"line":28,"column":19}},"loc":{"start":{"line":28,"column":19},"end":{"line":31,"column":null}}},"1":{"name":"findById","decl":{"start":{"line":33,"column":15},"end":{"line":33,"column":23}},"loc":{"start":{"line":33,"column":34},"end":{"line":40,"column":null}}},"2":{"name":"findByTypeAndEmployeeId","decl":{"start":{"line":42,"column":15},"end":{"line":42,"column":38}},"loc":{"start":{"line":44,"column":20},"end":{"line":52,"column":null}}},"3":{"name":"findByCardDetails","decl":{"start":{"line":54,"column":15},"end":{"line":54,"column":32}},"loc":{"start":{"line":57,"column":24},"end":{"line":68,"column":null}}},"4":{"name":"insert","decl":{"start":{"line":70,"column":15},"end":{"line":70,"column":21}},"loc":{"start":{"line":70,"column":46},"end":{"line":103,"column":null}}},"5":{"name":"update","decl":{"start":{"line":105,"column":15},"end":{"line":105,"column":21}},"loc":{"start":{"line":105,"column":58},"end":{"line":120,"column":null}}},"6":{"name":"remove","decl":{"start":{"line":122,"column":15},"end":{"line":122,"column":21}},"loc":{"start":{"line":122,"column":32},"end":{"line":124,"column":null}}}},"branchMap":{},"s":{"0":0,"1":0,"2":0,"3":0,"4":0,"5":0,"6":0,"7":0,"8":0,"9":0,"10":0,"11":0,"12":0,"13":1},"f":{"0":0,"1":0,"2":0,"3":0,"4":0,"5":0,"6":0},"b":{}}
,"/home/rui/Documentos/DRIVEN Education/[DRIVEN] - Arquivos/Exercícios/driven-exercises-web/Outros/api-valex-plus/src/repositories/companyRepository.ts": {"path":"/home/rui/Documentos/DRIVEN Education/[DRIVEN] - Arquivos/Exercícios/driven-exercises-web/Outros/api-valex-plus/src/repositories/companyRepository.ts","statementMap":{"0":{"start":{"line":10,"column":17},"end":{"line":12,"column":null}},"1":{"start":{"line":15,"column":2},"end":{"line":15,"column":24}}},"fnMap":{"0":{"name":"findByApiKey","decl":{"start":{"line":9,"column":22},"end":{"line":9,"column":34}},"loc":{"start":{"line":9,"column":49},"end":{"line":16,"column":null}}}},"branchMap":{},"s":{"0":0,"1":0},"f":{"0":0},"b":{}}
,"/home/rui/Documentos/DRIVEN Education/[DRIVEN] - Arquivos/Exercícios/driven-exercises-web/Outros/api-valex-plus/src/repositories/employeeRepository.ts": {"path":"/home/rui/Documentos/DRIVEN Education/[DRIVEN] - Arquivos/Exercícios/driven-exercises-web/Outros/api-valex-plus/src/repositories/employeeRepository.ts","statementMap":{"0":{"start":{"line":12,"column":17},"end":{"line":14,"column":null}},"1":{"start":{"line":17,"column":2},"end":{"line":17,"column":24}}},"fnMap":{"0":{"name":"findById","decl":{"start":{"line":11,"column":22},"end":{"line":11,"column":30}},"loc":{"start":{"line":11,"column":41},"end":{"line":18,"column":null}}}},"branchMap":{},"s":{"0":0,"1":0},"f":{"0":0},"b":{}}
,"/home/rui/Documentos/DRIVEN Education/[DRIVEN] - Arquivos/Exercícios/driven-exercises-web/Outros/api-valex-plus/src/services/cardService.ts": {"path":"/home/rui/Documentos/DRIVEN Education/[DRIVEN] - Arquivos/Exercícios/driven-exercises-web/Outros/api-valex-plus/src/services/cardService.ts","statementMap":{"0":{"start":{"line":13,"column":2},"end":{"line":13,"column":52}},"1":{"start":{"line":15,"column":19},"end":{"line":15,"column":60}},"2":{"start":{"line":17,"column":23},"end":{"line":19,"column":null}},"3":{"start":{"line":21,"column":2},"end":{"line":23,"column":null}},"4":{"start":{"line":22,"column":4},"end":{"line":22,"column":31}},"5":{"start":{"line":25,"column":19},"end":{"line":25,"column":54}},"6":{"start":{"line":27,"column":2},"end":{"line":33,"column":5}},"7":{"start":{"line":37,"column":17},"end":{"line":37,"column":61}},"8":{"start":{"line":38,"column":25},"end":{"line":38,"column":59}},"9":{"start":{"line":39,"column":25},"end":{"line":39,"column":63}},"10":{"start":{"line":41,"column":29},"end":{"line":41,"column":52}},"11":{"start":{"line":43,"column":2},"end":{"line":48,"column":4}},"12":{"start":{"line":52,"column":2},"end":{"line":52,"column":23}},"13":{"start":{"line":56,"column":2},"end":{"line":56,"column":48}},"14":{"start":{"line":56,"column":30},"end":{"line":56,"column":48}},"15":{"start":{"line":60,"column":37},"end":{"line":60,"column":56}},"16":{"start":{"line":61,"column":19},"end":{"line":61,"column":35}},"17":{"start":{"line":62,"column":22},"end":{"line":64,"column":30}},"18":{"start":{"line":66,"column":2},"end":{"line":68,"column":null}},"19":{"start":{"line":67,"column":4},"end":{"line":67,"column":70}},"20":{"start":{"line":70,"column":2},"end":{"line":70,"column":55}},"21":{"start":{"line":74,"column":23},"end":{"line":74,"column":52}},"22":{"start":{"line":75,"column":2},"end":{"line":75,"column":28}},"23":{"start":{"line":77,"column":2},"end":{"line":77,"column":42}},"24":{"start":{"line":81,"column":15},"end":{"line":81,"column":32}},"25":{"start":{"line":83,"column":2},"end":{"line":83,"column":52}},"26":{"start":{"line":84,"column":2},"end":{"line":84,"column":44}},"27":{"start":{"line":86,"column":26},"end":{"line":86,"column":39}},"28":{"start":{"line":87,"column":2},"end":{"line":91,"column":null}},"29":{"start":{"line":88,"column":4},"end":{"line":88,"column":42}},"30":{"start":{"line":90,"column":4},"end":{"line":90,"column":34}},"31":{"start":{"line":93,"column":31},"end":{"line":93,"column":39}},"32":{"start":{"line":94,"column":2},"end":{"line":98,"column":null}},"33":{"start":{"line":95,"column":4},"end":{"line":95,"column":47}},"34":{"start":{"line":97,"column":4},"end":{"line":97,"column":34}},"35":{"start":{"line":100,"column":25},"end":{"line":100,"column":54}},"36":{"start":{"line":101,"column":2},"end":{"line":101,"column":64}},"37":{"start":{"line":105,"column":16},"end":{"line":105,"column":39}},"38":{"start":{"line":106,"column":2},"end":{"line":113,"column":null}},"39":{"start":{"line":108,"column":4},"end":{"line":108,"column":55}},"40":{"start":{"line":109,"column":4},"end":{"line":109,"column":34}},"41":{"start":{"line":110,"column":4},"end":{"line":110,"column":52}},"42":{"start":{"line":112,"column":4},"end":{"line":112,"column":34}},"43":{"start":{"line":117,"column":15},"end":{"line":117,"column":48}},"44":{"start":{"line":118,"column":2},"end":{"line":120,"column":null}},"45":{"start":{"line":119,"column":4},"end":{"line":119,"column":32}},"46":{"start":{"line":121,"column":2},"end":{"line":121,"column":14}},"47":{"start":{"line":125,"column":21},"end":{"line":125,"column":53}},"48":{"start":{"line":126,"column":2},"end":{"line":130,"column":null}},"49":{"start":{"line":127,"column":4},"end":{"line":127,"column":37}},"50":{"start":{"line":129,"column":4},"end":{"line":129,"column":35}},"51":{"start":{"line":134,"column":26},"end":{"line":134,"column":68}},"52":{"start":{"line":135,"column":2},"end":{"line":137,"column":null}},"53":{"start":{"line":136,"column":4},"end":{"line":136,"column":35}},"54":{"start":{"line":140,"column":20},"end":{"line":147,"column":null}}},"fnMap":{"0":{"name":"create","decl":{"start":{"line":8,"column":15},"end":{"line":8,"column":21}},"loc":{"start":{"line":11,"column":24},"end":{"line":34,"column":null}}},"1":{"name":"generateCardData","decl":{"start":{"line":36,"column":9},"end":{"line":36,"column":25}},"loc":{"start":{"line":36,"column":46},"end":{"line":49,"column":1}}},"2":{"name":"getMiddleNameInitial","decl":{"start":{"line":51,"column":9},"end":{"line":51,"column":29}},"loc":{"start":{"line":51,"column":48},"end":{"line":53,"column":1}}},"3":{"name":"filterTwoLetterMiddleName","decl":{"start":{"line":55,"column":9},"end":{"line":55,"column":34}},"loc":{"start":{"line":55,"column":53},"end":{"line":57,"column":1}}},"4":{"name":"formatCardholderName","decl":{"start":{"line":59,"column":9},"end":{"line":59,"column":29}},"loc":{"start":{"line":59,"column":46},"end":{"line":71,"column":1}}},"5":{"name":"getHashedSecurityCode","decl":{"start":{"line":73,"column":9},"end":{"line":73,"column":30}},"loc":{"start":{"line":73,"column":30},"end":{"line":78,"column":1}}},"6":{"name":"activate","decl":{"start":{"line":80,"column":15},"end":{"line":80,"column":23}},"loc":{"start":{"line":80,"column":65},"end":{"line":102,"column":null}}},"7":{"name":"validateExpirationDateOrFail","decl":{"start":{"line":104,"column":9},"end":{"line":104,"column":37}},"loc":{"start":{"line":104,"column":60},"end":{"line":114,"column":1}}},"8":{"name":"getById","decl":{"start":{"line":116,"column":15},"end":{"line":116,"column":22}},"loc":{"start":{"line":116,"column":33},"end":{"line":122,"column":null}}},"9":{"name":"validateCVCOrFail","decl":{"start":{"line":124,"column":9},"end":{"line":124,"column":26}},"loc":{"start":{"line":124,"column":55},"end":{"line":131,"column":1}}},"10":{"name":"validatePasswordOrFail","decl":{"start":{"line":133,"column":9},"end":{"line":133,"column":31}},"loc":{"start":{"line":133,"column":70},"end":{"line":138,"column":1}}}},"branchMap":{"0":{"loc":{"start":{"line":21,"column":2},"end":{"line":23,"column":null}},"type":"if","locations":[{"start":{"line":21,"column":2},"end":{"line":23,"column":null}}]},"1":{"loc":{"start":{"line":56,"column":2},"end":{"line":56,"column":48}},"type":"if","locations":[{"start":{"line":56,"column":2},"end":{"line":56,"column":48}}]},"2":{"loc":{"start":{"line":66,"column":2},"end":{"line":68,"column":null}},"type":"if","locations":[{"start":{"line":66,"column":2},"end":{"line":68,"column":null}}]},"3":{"loc":{"start":{"line":87,"column":2},"end":{"line":91,"column":null}},"type":"if","locations":[{"start":{"line":87,"column":2},"end":{"line":91,"column":null}}]},"4":{"loc":{"start":{"line":94,"column":2},"end":{"line":98,"column":null}},"type":"if","locations":[{"start":{"line":94,"column":2},"end":{"line":98,"column":null}}]},"5":{"loc":{"start":{"line":106,"column":2},"end":{"line":113,"column":null}},"type":"if","locations":[{"start":{"line":106,"column":2},"end":{"line":113,"column":null}}]},"6":{"loc":{"start":{"line":118,"column":2},"end":{"line":120,"column":null}},"type":"if","locations":[{"start":{"line":118,"column":2},"end":{"line":120,"column":null}}]},"7":{"loc":{"start":{"line":126,"column":2},"end":{"line":130,"column":null}},"type":"if","locations":[{"start":{"line":126,"column":2},"end":{"line":130,"column":null}}]},"8":{"loc":{"start":{"line":135,"column":2},"end":{"line":137,"column":null}},"type":"if","locations":[{"start":{"line":135,"column":2},"end":{"line":137,"column":null}}]}},"s":{"0":2,"1":2,"2":2,"3":2,"4":1,"5":1,"6":1,"7":1,"8":1,"9":1,"10":1,"11":1,"12":1,"13":1,"14":1,"15":1,"16":1,"17":1,"18":1,"19":1,"20":0,"21":1,"22":1,"23":1,"24":1,"25":1,"26":1,"27":1,"28":1,"29":0,"30":0,"31":1,"32":1,"33":0,"34":0,"35":1,"36":1,"37":1,"38":1,"39":0,"40":0,"41":0,"42":0,"43":1,"44":1,"45":0,"46":1,"47":1,"48":1,"49":0,"50":0,"51":0,"52":0,"53":0,"54":1},"f":{"0":2,"1":1,"2":1,"3":1,"4":1,"5":1,"6":1,"7":1,"8":1,"9":1,"10":0},"b":{"0":[1],"1":[1],"2":[1],"3":[0],"4":[0],"5":[0],"6":[0],"7":[0],"8":[0]}}
,"/home/rui/Documentos/DRIVEN Education/[DRIVEN] - Arquivos/Exercícios/driven-exercises-web/Outros/api-valex-plus/src/services/companyService.ts": {"path":"/home/rui/Documentos/DRIVEN Education/[DRIVEN] - Arquivos/Exercícios/driven-exercises-web/Outros/api-valex-plus/src/services/companyService.ts","statementMap":{"0":{"start":{"line":4,"column":18},"end":{"line":4,"column":62}},"1":{"start":{"line":5,"column":2},"end":{"line":7,"column":null}},"2":{"start":{"line":6,"column":4},"end":{"line":6,"column":35}},"3":{"start":{"line":10,"column":23},"end":{"line":12,"column":null}}},"fnMap":{"0":{"name":"validateApiKeyOrFail","decl":{"start":{"line":3,"column":15},"end":{"line":3,"column":35}},"loc":{"start":{"line":3,"column":50},"end":{"line":8,"column":null}}}},"branchMap":{"0":{"loc":{"start":{"line":5,"column":2},"end":{"line":7,"column":null}},"type":"if","locations":[{"start":{"line":5,"column":2},"end":{"line":7,"column":null}}]}},"s":{"0":0,"1":0,"2":0,"3":1},"f":{"0":0},"b":{"0":[0]}}
,"/home/rui/Documentos/DRIVEN Education/[DRIVEN] - Arquivos/Exercícios/driven-exercises-web/Outros/api-valex-plus/src/services/employeeService.ts": {"path":"/home/rui/Documentos/DRIVEN Education/[DRIVEN] - Arquivos/Exercícios/driven-exercises-web/Outros/api-valex-plus/src/services/employeeService.ts","statementMap":{"0":{"start":{"line":4,"column":19},"end":{"line":4,"column":56}},"1":{"start":{"line":5,"column":2},"end":{"line":7,"column":null}},"2":{"start":{"line":6,"column":4},"end":{"line":6,"column":34}},"3":{"start":{"line":9,"column":2},"end":{"line":9,"column":18}},"4":{"start":{"line":12,"column":24},"end":{"line":14,"column":null}}},"fnMap":{"0":{"name":"getById","decl":{"start":{"line":3,"column":15},"end":{"line":3,"column":22}},"loc":{"start":{"line":3,"column":33},"end":{"line":10,"column":null}}}},"branchMap":{"0":{"loc":{"start":{"line":5,"column":2},"end":{"line":7,"column":null}},"type":"if","locations":[{"start":{"line":5,"column":2},"end":{"line":7,"column":null}}]}},"s":{"0":0,"1":0,"2":0,"3":0,"4":1},"f":{"0":0},"b":{"0":[0]}}
,"/home/rui/Documentos/DRIVEN Education/[DRIVEN] - Arquivos/Exercícios/driven-exercises-web/Outros/api-valex-plus/tests/factories/cardBodyFactory.ts": {"path":"/home/rui/Documentos/DRIVEN Education/[DRIVEN] - Arquivos/Exercícios/driven-exercises-web/Outros/api-valex-plus/tests/factories/cardBodyFactory.ts","statementMap":{"0":{"start":{"line":5,"column":2},"end":{"line":17,"column":4}}},"fnMap":{"0":{"name":"employeeBodyFactory","decl":{"start":{"line":4,"column":24},"end":{"line":4,"column":43}},"loc":{"start":{"line":4,"column":43},"end":{"line":18,"column":1}}}},"branchMap":{},"s":{"0":2},"f":{"0":2},"b":{}}
,"/home/rui/Documentos/DRIVEN Education/[DRIVEN] - Arquivos/Exercícios/driven-exercises-web/Outros/api-valex-plus/tests/factories/employeeBodyFactory.ts": {"path":"/home/rui/Documentos/DRIVEN Education/[DRIVEN] - Arquivos/Exercícios/driven-exercises-web/Outros/api-valex-plus/tests/factories/employeeBodyFactory.ts","statementMap":{"0":{"start":{"line":5,"column":2},"end":{"line":11,"column":4}}},"fnMap":{"0":{"name":"employeeBodyFactory","decl":{"start":{"line":4,"column":24},"end":{"line":4,"column":43}},"loc":{"start":{"line":4,"column":43},"end":{"line":12,"column":1}}}},"branchMap":{},"s":{"0":2},"f":{"0":2},"b":{}}
,"/home/rui/Documentos/DRIVEN Education/[DRIVEN] - Arquivos/Exercícios/driven-exercises-web/Outros/api-valex-plus/utils/sqlUtils.ts": {"path":"/home/rui/Documentos/DRIVEN Education/[DRIVEN] - Arquivos/Exercícios/driven-exercises-web/Outros/api-valex-plus/utils/sqlUtils.ts","statementMap":{"0":{"start":{"line":2,"column":24},"end":{"line":4,"column":14}},"1":{"start":{"line":3,"column":25},"end":{"line":3,"column":54}},"2":{"start":{"line":5,"column":23},"end":{"line":5,"column":44}},"3":{"start":{"line":7,"column":2},"end":{"line":7,"column":41}}},"fnMap":{"0":{"name":"mapObjectToUpdateQuery","decl":{"start":{"line":1,"column":16},"end":{"line":1,"column":38}},"loc":{"start":{"line":1,"column":61},"end":{"line":8,"column":1}}},"1":{"name":"(anonymous_1)","decl":{"start":{"line":3,"column":9},"end":{"line":3,"column":10}},"loc":{"start":{"line":3,"column":25},"end":{"line":3,"column":54}}}},"branchMap":{"0":{"loc":{"start":{"line":1,"column":49},"end":{"line":1,"column":59}},"type":"default-arg","locations":[{"start":{"line":1,"column":58},"end":{"line":1,"column":59}}]}},"s":{"0":0,"1":0,"2":0,"3":0},"f":{"0":0,"1":0},"b":{"0":[0]}}
}
